<?xml version="1.0" encoding="UTF-8" ?>
<testsuite failures="0" time="0.003" errors="1" skipped="0" tests="1" name="gamecenter.core.services.db.AccessChannelDBServiceTest">
  <properties>
    <property name="java.runtime.name" value="Java(TM) SE Runtime Environment"/>
    <property name="sun.boot.library.path" value="/Library/Java/JavaVirtualMachines/jdk1.7.0_71.jdk/Contents/Home/jre/lib"/>
    <property name="java.vm.version" value="24.71-b01"/>
    <property name="gopherProxySet" value="false"/>
    <property name="java.vm.vendor" value="Oracle Corporation"/>
    <property name="java.vendor.url" value="http://java.oracle.com/"/>
    <property name="path.separator" value=":"/>
    <property name="java.vm.name" value="Java HotSpot(TM) 64-Bit Server VM"/>
    <property name="file.encoding.pkg" value="sun.io"/>
    <property name="user.country" value="CN"/>
    <property name="sun.java.launcher" value="SUN_STANDARD"/>
    <property name="sun.os.patch.level" value="unknown"/>
    <property name="java.vm.specification.name" value="Java Virtual Machine Specification"/>
    <property name="user.dir" value="/Users/lvjunyi/coding/resource/gitspace/gamecenter/core-center"/>
    <property name="java.runtime.version" value="1.7.0_71-b14"/>
    <property name="java.awt.graphicsenv" value="sun.awt.CGraphicsEnvironment"/>
    <property name="basedir" value="/Users/lvjunyi/coding/resource/gitspace/gamecenter/core-center"/>
    <property name="java.endorsed.dirs" value="/Library/Java/JavaVirtualMachines/jdk1.7.0_71.jdk/Contents/Home/jre/lib/endorsed"/>
    <property name="os.arch" value="x86_64"/>
    <property name="surefire.real.class.path" value="/Users/lvjunyi/coding/resource/gitspace/gamecenter/core-center/target/surefire/surefirebooter6711472110469622926.jar"/>
    <property name="java.io.tmpdir" value="/var/folders/ds/6r_c9vv51h9g205wmprp53kc0000gn/T/"/>
    <property name="line.separator" value="
"/>
    <property name="java.vm.specification.vendor" value="Oracle Corporation"/>
    <property name="os.name" value="Mac OS X"/>
    <property name="sun.jnu.encoding" value="UTF-8"/>
    <property name="java.library.path" value="/Users/lvjunyi/Library/Java/Extensions:/Library/Java/Extensions:/Network/Library/Java/Extensions:/System/Library/Java/Extensions:/usr/lib/java:."/>
    <property name="surefire.test.class.path" value="/Users/lvjunyi/coding/resource/gitspace/gamecenter/core-center/target/test-classes:/Users/lvjunyi/coding/resource/gitspace/gamecenter/core-center/target/classes:/Users/lvjunyi/coding/resource/repository/com/gamecenter/cloud-server/1.0-SNAPSHOT/cloud-server-1.0-SNAPSHOT.jar:/Users/lvjunyi/coding/resource/repository/com/gamecenter/message-serializer/1.0-SNAPSHOT/message-serializer-1.0-SNAPSHOT.jar:/Users/lvjunyi/coding/resource/repository/org/apache/mina/mina-core/2.0.7/mina-core-2.0.7.jar:/Users/lvjunyi/coding/resource/repository/com/fasterxml/jackson/core/jackson-core/2.4.0/jackson-core-2.4.0.jar:/Users/lvjunyi/coding/resource/repository/com/fasterxml/jackson/core/jackson-databind/2.1.3/jackson-databind-2.1.3.jar:/Users/lvjunyi/coding/resource/repository/com/fasterxml/jackson/core/jackson-annotations/2.1.2/jackson-annotations-2.1.2.jar:/Users/lvjunyi/coding/resource/repository/jstl/jstl/1.2/jstl-1.2.jar:/Users/lvjunyi/coding/resource/repository/taglibs/standard/1.1.2/standard-1.1.2.jar:/Users/lvjunyi/coding/resource/repository/org/slf4j/slf4j-api/1.7.7/slf4j-api-1.7.7.jar:/Users/lvjunyi/coding/resource/repository/ch/qos/logback/logback-core/1.1.2/logback-core-1.1.2.jar:/Users/lvjunyi/coding/resource/repository/ch/qos/logback/logback-classic/1.1.2/logback-classic-1.1.2.jar:/Users/lvjunyi/coding/resource/repository/org/logback-extensions/logback-ext-spring/0.1.2/logback-ext-spring-0.1.2.jar:/Users/lvjunyi/coding/resource/repository/org/springframework/spring-core/3.1.1.RELEASE/spring-core-3.1.1.RELEASE.jar:/Users/lvjunyi/coding/resource/repository/org/springframework/spring-asm/3.1.1.RELEASE/spring-asm-3.1.1.RELEASE.jar:/Users/lvjunyi/coding/resource/repository/commons-logging/commons-logging/1.1.1/commons-logging-1.1.1.jar:/Users/lvjunyi/coding/resource/repository/org/springframework/spring-web/3.1.1.RELEASE/spring-web-3.1.1.RELEASE.jar:/Users/lvjunyi/coding/resource/repository/aopalliance/aopalliance/1.0/aopalliance-1.0.jar:/Users/lvjunyi/coding/resource/repository/org/springframework/spring-context/3.1.1.RELEASE/spring-context-3.1.1.RELEASE.jar:/Users/lvjunyi/coding/resource/repository/org/springframework/spring-expression/3.1.1.RELEASE/spring-expression-3.1.1.RELEASE.jar:/Users/lvjunyi/coding/resource/repository/org/springframework/spring-beans/3.1.1.RELEASE/spring-beans-3.1.1.RELEASE.jar:/Users/lvjunyi/coding/resource/repository/org/springframework/spring-tx/3.1.1.RELEASE/spring-tx-3.1.1.RELEASE.jar:/Users/lvjunyi/coding/resource/repository/org/springframework/spring-aop/3.1.1.RELEASE/spring-aop-3.1.1.RELEASE.jar:/Users/lvjunyi/coding/resource/repository/cglib/cglib/2.2.2/cglib-2.2.2.jar:/Users/lvjunyi/coding/resource/repository/asm/asm/3.3.1/asm-3.3.1.jar:/Users/lvjunyi/coding/resource/repository/org/apache/struts/struts2-spring-plugin/2.3.4/struts2-spring-plugin-2.3.4.jar:/Users/lvjunyi/coding/resource/repository/org/apache/commons/commons-lang3/3.1/commons-lang3-3.1.jar:/Users/lvjunyi/coding/resource/repository/org/apache/struts/struts2-core/2.3.4/struts2-core-2.3.4.jar:/Users/lvjunyi/coding/resource/repository/org/apache/struts/xwork/xwork-core/2.3.4/xwork-core-2.3.4.jar:/Users/lvjunyi/coding/resource/repository/asm/asm-commons/3.3/asm-commons-3.3.jar:/Users/lvjunyi/coding/resource/repository/asm/asm-tree/3.3/asm-tree-3.3.jar:/Users/lvjunyi/coding/resource/repository/org/freemarker/freemarker/2.3.19/freemarker-2.3.19.jar:/Users/lvjunyi/coding/resource/repository/ognl/ognl/3.0.5/ognl-3.0.5.jar:/Users/lvjunyi/coding/resource/repository/javassist/javassist/3.11.0.GA/javassist-3.11.0.GA.jar:/Users/lvjunyi/coding/resource/repository/commons-fileupload/commons-fileupload/1.2.2/commons-fileupload-1.2.2.jar:/Users/lvjunyi/coding/resource/repository/commons-io/commons-io/2.0.1/commons-io-2.0.1.jar:/Users/lvjunyi/coding/resource/repository/org/mybatis/mybatis/3.2.2/mybatis-3.2.2.jar:/Users/lvjunyi/coding/resource/repository/org/mybatis/mybatis-spring/1.2.0/mybatis-spring-1.2.0.jar:/Users/lvjunyi/coding/resource/repository/commons-dbcp/commons-dbcp/1.4/commons-dbcp-1.4.jar:/Users/lvjunyi/coding/resource/repository/commons-pool/commons-pool/1.6/commons-pool-1.6.jar:/Users/lvjunyi/coding/resource/repository/org/springframework/spring-jdbc/3.2.2.RELEASE/spring-jdbc-3.2.2.RELEASE.jar:/Users/lvjunyi/coding/resource/repository/org/aspectj/aspectjrt/1.8.4/aspectjrt-1.8.4.jar:/Users/lvjunyi/coding/resource/repository/org/aspectj/aspectjweaver/1.6.9/aspectjweaver-1.6.9.jar:/Users/lvjunyi/coding/resource/repository/mysql/mysql-connector-java/5.1.25/mysql-connector-java-5.1.25.jar:/Users/lvjunyi/coding/resource/repository/org/tuckey/urlrewritefilter/4.0.3/urlrewritefilter-4.0.3.jar:/Users/lvjunyi/coding/resource/repository/javax/servlet/servlet-api/3.0-alpha-1/servlet-api-3.0-alpha-1.jar:/Users/lvjunyi/coding/resource/repository/weixin/weixin-popular/2.2.0-SNAPSHOT/weixin-popular-2.2.0-SNAPSHOT.jar:/Users/lvjunyi/coding/resource/repository/com/alibaba/fastjson/1.2.0/fastjson-1.2.0.jar:/Users/lvjunyi/coding/resource/repository/org/apache/httpcomponents/httpclient/4.3.5/httpclient-4.3.5.jar:/Users/lvjunyi/coding/resource/repository/org/apache/httpcomponents/httpcore/4.3.2/httpcore-4.3.2.jar:/Users/lvjunyi/coding/resource/repository/commons-codec/commons-codec/1.6/commons-codec-1.6.jar:/Users/lvjunyi/coding/resource/repository/org/apache/httpcomponents/httpmime/4.3.4/httpmime-4.3.4.jar:/Users/lvjunyi/coding/resource/repository/com/thoughtworks/xstream/xstream/1.4.6/xstream-1.4.6.jar:/Users/lvjunyi/coding/resource/repository/xmlpull/xmlpull/1.1.3.1/xmlpull-1.1.3.1.jar:/Users/lvjunyi/coding/resource/repository/xpp3/xpp3_min/1.1.4c/xpp3_min-1.1.4c.jar:/Users/lvjunyi/coding/resource/repository/com/google/guava/guava/18.0/guava-18.0.jar:/Users/lvjunyi/coding/resource/repository/junit/junit/4.11/junit-4.11.jar:/Users/lvjunyi/coding/resource/repository/org/hamcrest/hamcrest-core/1.3/hamcrest-core-1.3.jar:/Users/lvjunyi/coding/resource/repository/org/mockito/mockito-all/1.9.5/mockito-all-1.9.5.jar:/Users/lvjunyi/coding/resource/repository/org/powermock/powermock-api-mockito/1.4.10/powermock-api-mockito-1.4.10.jar:/Users/lvjunyi/coding/resource/repository/org/powermock/powermock-api-support/1.4.10/powermock-api-support-1.4.10.jar:/Users/lvjunyi/coding/resource/repository/org/powermock/powermock-core/1.4.10/powermock-core-1.4.10.jar:/Users/lvjunyi/coding/resource/repository/org/javassist/javassist/3.15.0-GA/javassist-3.15.0-GA.jar:/Users/lvjunyi/coding/resource/repository/org/powermock/powermock-reflect/1.4.10/powermock-reflect-1.4.10.jar:/Users/lvjunyi/coding/resource/repository/org/objenesis/objenesis/1.2/objenesis-1.2.jar:/Users/lvjunyi/coding/resource/repository/org/powermock/powermock-module-junit4/1.4.10/powermock-module-junit4-1.4.10.jar:/Users/lvjunyi/coding/resource/repository/org/powermock/powermock-module-junit4-common/1.4.10/powermock-module-junit4-common-1.4.10.jar:"/>
    <property name="java.specification.name" value="Java Platform API Specification"/>
    <property name="java.class.version" value="51.0"/>
    <property name="sun.management.compiler" value="HotSpot 64-Bit Tiered Compilers"/>
    <property name="os.version" value="10.10"/>
    <property name="http.nonProxyHosts" value="local|*.local|169.254/16|*.169.254/16"/>
    <property name="user.home" value="/Users/lvjunyi"/>
    <property name="user.timezone" value="Asia/Shanghai"/>
    <property name="java.awt.printerjob" value="sun.lwawt.macosx.CPrinterJob"/>
    <property name="java.specification.version" value="1.7"/>
    <property name="file.encoding" value="UTF-8"/>
    <property name="user.name" value="lvjunyi"/>
    <property name="java.class.path" value="/Users/lvjunyi/coding/resource/gitspace/gamecenter/core-center/target/test-classes:/Users/lvjunyi/coding/resource/gitspace/gamecenter/core-center/target/classes:/Users/lvjunyi/coding/resource/repository/com/gamecenter/cloud-server/1.0-SNAPSHOT/cloud-server-1.0-SNAPSHOT.jar:/Users/lvjunyi/coding/resource/repository/com/gamecenter/message-serializer/1.0-SNAPSHOT/message-serializer-1.0-SNAPSHOT.jar:/Users/lvjunyi/coding/resource/repository/org/apache/mina/mina-core/2.0.7/mina-core-2.0.7.jar:/Users/lvjunyi/coding/resource/repository/com/fasterxml/jackson/core/jackson-core/2.4.0/jackson-core-2.4.0.jar:/Users/lvjunyi/coding/resource/repository/com/fasterxml/jackson/core/jackson-databind/2.1.3/jackson-databind-2.1.3.jar:/Users/lvjunyi/coding/resource/repository/com/fasterxml/jackson/core/jackson-annotations/2.1.2/jackson-annotations-2.1.2.jar:/Users/lvjunyi/coding/resource/repository/jstl/jstl/1.2/jstl-1.2.jar:/Users/lvjunyi/coding/resource/repository/taglibs/standard/1.1.2/standard-1.1.2.jar:/Users/lvjunyi/coding/resource/repository/org/slf4j/slf4j-api/1.7.7/slf4j-api-1.7.7.jar:/Users/lvjunyi/coding/resource/repository/ch/qos/logback/logback-core/1.1.2/logback-core-1.1.2.jar:/Users/lvjunyi/coding/resource/repository/ch/qos/logback/logback-classic/1.1.2/logback-classic-1.1.2.jar:/Users/lvjunyi/coding/resource/repository/org/logback-extensions/logback-ext-spring/0.1.2/logback-ext-spring-0.1.2.jar:/Users/lvjunyi/coding/resource/repository/org/springframework/spring-core/3.1.1.RELEASE/spring-core-3.1.1.RELEASE.jar:/Users/lvjunyi/coding/resource/repository/org/springframework/spring-asm/3.1.1.RELEASE/spring-asm-3.1.1.RELEASE.jar:/Users/lvjunyi/coding/resource/repository/commons-logging/commons-logging/1.1.1/commons-logging-1.1.1.jar:/Users/lvjunyi/coding/resource/repository/org/springframework/spring-web/3.1.1.RELEASE/spring-web-3.1.1.RELEASE.jar:/Users/lvjunyi/coding/resource/repository/aopalliance/aopalliance/1.0/aopalliance-1.0.jar:/Users/lvjunyi/coding/resource/repository/org/springframework/spring-context/3.1.1.RELEASE/spring-context-3.1.1.RELEASE.jar:/Users/lvjunyi/coding/resource/repository/org/springframework/spring-expression/3.1.1.RELEASE/spring-expression-3.1.1.RELEASE.jar:/Users/lvjunyi/coding/resource/repository/org/springframework/spring-beans/3.1.1.RELEASE/spring-beans-3.1.1.RELEASE.jar:/Users/lvjunyi/coding/resource/repository/org/springframework/spring-tx/3.1.1.RELEASE/spring-tx-3.1.1.RELEASE.jar:/Users/lvjunyi/coding/resource/repository/org/springframework/spring-aop/3.1.1.RELEASE/spring-aop-3.1.1.RELEASE.jar:/Users/lvjunyi/coding/resource/repository/cglib/cglib/2.2.2/cglib-2.2.2.jar:/Users/lvjunyi/coding/resource/repository/asm/asm/3.3.1/asm-3.3.1.jar:/Users/lvjunyi/coding/resource/repository/org/apache/struts/struts2-spring-plugin/2.3.4/struts2-spring-plugin-2.3.4.jar:/Users/lvjunyi/coding/resource/repository/org/apache/commons/commons-lang3/3.1/commons-lang3-3.1.jar:/Users/lvjunyi/coding/resource/repository/org/apache/struts/struts2-core/2.3.4/struts2-core-2.3.4.jar:/Users/lvjunyi/coding/resource/repository/org/apache/struts/xwork/xwork-core/2.3.4/xwork-core-2.3.4.jar:/Users/lvjunyi/coding/resource/repository/asm/asm-commons/3.3/asm-commons-3.3.jar:/Users/lvjunyi/coding/resource/repository/asm/asm-tree/3.3/asm-tree-3.3.jar:/Users/lvjunyi/coding/resource/repository/org/freemarker/freemarker/2.3.19/freemarker-2.3.19.jar:/Users/lvjunyi/coding/resource/repository/ognl/ognl/3.0.5/ognl-3.0.5.jar:/Users/lvjunyi/coding/resource/repository/javassist/javassist/3.11.0.GA/javassist-3.11.0.GA.jar:/Users/lvjunyi/coding/resource/repository/commons-fileupload/commons-fileupload/1.2.2/commons-fileupload-1.2.2.jar:/Users/lvjunyi/coding/resource/repository/commons-io/commons-io/2.0.1/commons-io-2.0.1.jar:/Users/lvjunyi/coding/resource/repository/org/mybatis/mybatis/3.2.2/mybatis-3.2.2.jar:/Users/lvjunyi/coding/resource/repository/org/mybatis/mybatis-spring/1.2.0/mybatis-spring-1.2.0.jar:/Users/lvjunyi/coding/resource/repository/commons-dbcp/commons-dbcp/1.4/commons-dbcp-1.4.jar:/Users/lvjunyi/coding/resource/repository/commons-pool/commons-pool/1.6/commons-pool-1.6.jar:/Users/lvjunyi/coding/resource/repository/org/springframework/spring-jdbc/3.2.2.RELEASE/spring-jdbc-3.2.2.RELEASE.jar:/Users/lvjunyi/coding/resource/repository/org/aspectj/aspectjrt/1.8.4/aspectjrt-1.8.4.jar:/Users/lvjunyi/coding/resource/repository/org/aspectj/aspectjweaver/1.6.9/aspectjweaver-1.6.9.jar:/Users/lvjunyi/coding/resource/repository/mysql/mysql-connector-java/5.1.25/mysql-connector-java-5.1.25.jar:/Users/lvjunyi/coding/resource/repository/org/tuckey/urlrewritefilter/4.0.3/urlrewritefilter-4.0.3.jar:/Users/lvjunyi/coding/resource/repository/javax/servlet/servlet-api/3.0-alpha-1/servlet-api-3.0-alpha-1.jar:/Users/lvjunyi/coding/resource/repository/weixin/weixin-popular/2.2.0-SNAPSHOT/weixin-popular-2.2.0-SNAPSHOT.jar:/Users/lvjunyi/coding/resource/repository/com/alibaba/fastjson/1.2.0/fastjson-1.2.0.jar:/Users/lvjunyi/coding/resource/repository/org/apache/httpcomponents/httpclient/4.3.5/httpclient-4.3.5.jar:/Users/lvjunyi/coding/resource/repository/org/apache/httpcomponents/httpcore/4.3.2/httpcore-4.3.2.jar:/Users/lvjunyi/coding/resource/repository/commons-codec/commons-codec/1.6/commons-codec-1.6.jar:/Users/lvjunyi/coding/resource/repository/org/apache/httpcomponents/httpmime/4.3.4/httpmime-4.3.4.jar:/Users/lvjunyi/coding/resource/repository/com/thoughtworks/xstream/xstream/1.4.6/xstream-1.4.6.jar:/Users/lvjunyi/coding/resource/repository/xmlpull/xmlpull/1.1.3.1/xmlpull-1.1.3.1.jar:/Users/lvjunyi/coding/resource/repository/xpp3/xpp3_min/1.1.4c/xpp3_min-1.1.4c.jar:/Users/lvjunyi/coding/resource/repository/com/google/guava/guava/18.0/guava-18.0.jar:/Users/lvjunyi/coding/resource/repository/junit/junit/4.11/junit-4.11.jar:/Users/lvjunyi/coding/resource/repository/org/hamcrest/hamcrest-core/1.3/hamcrest-core-1.3.jar:/Users/lvjunyi/coding/resource/repository/org/mockito/mockito-all/1.9.5/mockito-all-1.9.5.jar:/Users/lvjunyi/coding/resource/repository/org/powermock/powermock-api-mockito/1.4.10/powermock-api-mockito-1.4.10.jar:/Users/lvjunyi/coding/resource/repository/org/powermock/powermock-api-support/1.4.10/powermock-api-support-1.4.10.jar:/Users/lvjunyi/coding/resource/repository/org/powermock/powermock-core/1.4.10/powermock-core-1.4.10.jar:/Users/lvjunyi/coding/resource/repository/org/javassist/javassist/3.15.0-GA/javassist-3.15.0-GA.jar:/Users/lvjunyi/coding/resource/repository/org/powermock/powermock-reflect/1.4.10/powermock-reflect-1.4.10.jar:/Users/lvjunyi/coding/resource/repository/org/objenesis/objenesis/1.2/objenesis-1.2.jar:/Users/lvjunyi/coding/resource/repository/org/powermock/powermock-module-junit4/1.4.10/powermock-module-junit4-1.4.10.jar:/Users/lvjunyi/coding/resource/repository/org/powermock/powermock-module-junit4-common/1.4.10/powermock-module-junit4-common-1.4.10.jar:"/>
    <property name="java.vm.specification.version" value="1.7"/>
    <property name="sun.arch.data.model" value="64"/>
    <property name="java.home" value="/Library/Java/JavaVirtualMachines/jdk1.7.0_71.jdk/Contents/Home/jre"/>
    <property name="sun.java.command" value="/Users/lvjunyi/coding/resource/gitspace/gamecenter/core-center/target/surefire/surefirebooter6711472110469622926.jar /Users/lvjunyi/coding/resource/gitspace/gamecenter/core-center/target/surefire/surefire5626321016646213711tmp /Users/lvjunyi/coding/resource/gitspace/gamecenter/core-center/target/surefire/surefire4285254782356248017tmp"/>
    <property name="java.specification.vendor" value="Oracle Corporation"/>
    <property name="user.language" value="zh"/>
    <property name="awt.toolkit" value="sun.lwawt.macosx.LWCToolkit"/>
    <property name="java.vm.info" value="mixed mode"/>
    <property name="java.version" value="1.7.0_71"/>
    <property name="java.ext.dirs" value="/Users/lvjunyi/Library/Java/Extensions:/Library/Java/JavaVirtualMachines/jdk1.7.0_71.jdk/Contents/Home/jre/lib/ext:/Library/Java/Extensions:/Network/Library/Java/Extensions:/System/Library/Java/Extensions:/usr/lib/java"/>
    <property name="sun.boot.class.path" value="/Library/Java/JavaVirtualMachines/jdk1.7.0_71.jdk/Contents/Home/jre/lib/resources.jar:/Library/Java/JavaVirtualMachines/jdk1.7.0_71.jdk/Contents/Home/jre/lib/rt.jar:/Library/Java/JavaVirtualMachines/jdk1.7.0_71.jdk/Contents/Home/jre/lib/sunrsasign.jar:/Library/Java/JavaVirtualMachines/jdk1.7.0_71.jdk/Contents/Home/jre/lib/jsse.jar:/Library/Java/JavaVirtualMachines/jdk1.7.0_71.jdk/Contents/Home/jre/lib/jce.jar:/Library/Java/JavaVirtualMachines/jdk1.7.0_71.jdk/Contents/Home/jre/lib/charsets.jar:/Library/Java/JavaVirtualMachines/jdk1.7.0_71.jdk/Contents/Home/jre/lib/jfr.jar:/Library/Java/JavaVirtualMachines/jdk1.7.0_71.jdk/Contents/Home/jre/classes"/>
    <property name="java.vendor" value="Oracle Corporation"/>
    <property name="localRepository" value="/Users/lvjunyi/coding/resource/repository"/>
    <property name="file.separator" value="/"/>
    <property name="java.vendor.url.bug" value="http://bugreport.sun.com/bugreport/"/>
    <property name="sun.cpu.endian" value="little"/>
    <property name="sun.io.unicode.encoding" value="UnicodeBig"/>
    <property name="socksNonProxyHosts" value="local|*.local|169.254/16|*.169.254/16"/>
    <property name="ftp.nonProxyHosts" value="local|*.local|169.254/16|*.169.254/16"/>
    <property name="sun.cpu.isalist" value=""/>
  </properties>
  <testcase time="0" classname="gamecenter.core.services.db.AccessChannelDBServiceTest" name="initializationError">
    <error message="LAccessChannelDBService;" type="java.lang.NoClassDefFoundError">java.lang.NoClassDefFoundError: LAccessChannelDBService;
	at java.lang.Class.getDeclaredFields0(Native Method)
	at java.lang.Class.privateGetDeclaredFields(Class.java:2499)
	at java.lang.Class.getDeclaredFields(Class.java:1811)
	at org.junit.runners.model.TestClass.&lt;init&gt;(TestClass.java:49)
	at org.junit.runners.ParentRunner.&lt;init&gt;(ParentRunner.java:75)
	at org.junit.runners.BlockJUnit4ClassRunner.&lt;init&gt;(BlockJUnit4ClassRunner.java:57)
	at org.junit.internal.builders.JUnit4Builder.runnerForClass(JUnit4Builder.java:10)
	at org.junit.runners.model.RunnerBuilder.safeRunnerForClass(RunnerBuilder.java:59)
	at org.junit.internal.builders.AllDefaultPossibilitiesBuilder.runnerForClass(AllDefaultPossibilitiesBuilder.java:26)
	at org.junit.runners.model.RunnerBuilder.safeRunnerForClass(RunnerBuilder.java:59)
	at org.junit.internal.requests.ClassRequest.getRunner(ClassRequest.java:26)
	at org.apache.maven.surefire.junit4.JUnit4TestSet.execute(JUnit4TestSet.java:33)
	at org.apache.maven.surefire.junit4.JUnit4Provider.executeTestSet(JUnit4Provider.java:146)
	at org.apache.maven.surefire.junit4.JUnit4Provider.invoke(JUnit4Provider.java:97)
	at sun.reflect.NativeMethodAccessorImpl.invoke0(Native Method)
	at sun.reflect.NativeMethodAccessorImpl.invoke(NativeMethodAccessorImpl.java:57)
	at sun.reflect.DelegatingMethodAccessorImpl.invoke(DelegatingMethodAccessorImpl.java:43)
	at java.lang.reflect.Method.invoke(Method.java:606)
	at org.apache.maven.surefire.booter.ProviderFactory$ClassLoaderProxy.invoke(ProviderFactory.java:103)
	at com.sun.proxy.$Proxy0.invoke(Unknown Source)
	at org.apache.maven.surefire.booter.SurefireStarter.invokeProvider(SurefireStarter.java:145)
	at org.apache.maven.surefire.booter.SurefireStarter.runSuitesInProcess(SurefireStarter.java:87)
	at org.apache.maven.surefire.booter.ForkedBooter.main(ForkedBooter.java:69)
Caused by: java.lang.ClassNotFoundException: AccessChannelDBService
	at java.net.URLClassLoader$1.run(URLClassLoader.java:366)
	at java.net.URLClassLoader$1.run(URLClassLoader.java:355)
	at java.security.AccessController.doPrivileged(Native Method)
	at java.net.URLClassLoader.findClass(URLClassLoader.java:354)
	at java.lang.ClassLoader.loadClass(ClassLoader.java:425)
	at sun.misc.Launcher$AppClassLoader.loadClass(Launcher.java:308)
	at java.lang.ClassLoader.loadClass(ClassLoader.java:358)
	... 23 more
</error>
    <system-out>@SLTests run: 2, Failures: 0, Errors: 0, Skipped: 0, Time elapsed: 0.246 sec
@SLRunning gamecenter.core.services.db.AccessChannelDBServiceTest
</system-out>
  </testcase>
</testsuite>